#
# There is insufficient memory for the Java Runtime Environment to continue.
# Native memory allocation (malloc) failed to allocate 220976 bytes for Chunk::new
# Possible reasons:
#   The system is out of physical RAM or swap space
#   In 32 bit mode, the process size limit was hit
# Possible solutions:
#   Reduce memory load on the system
#   Increase physical memory or swap space
#   Check if swap backing store is full
#   Use 64 bit Java on a 64 bit OS
#   Decrease Java heap size (-Xmx/-Xms)
#   Decrease number of Java threads
#   Decrease Java thread stack sizes (-Xss)
#   Set larger code cache with -XX:ReservedCodeCacheSize=
# This output file may be truncated or incomplete.
#
#  Out of Memory Error (allocation.cpp:390), pid=20092, tid=0x0000000000002dec
#
# JRE version: Java(TM) SE Runtime Environment (8.0_144-b01) (build 1.8.0_144-b01)
# Java VM: Java HotSpot(TM) 64-Bit Server VM (25.144-b01 mixed mode windows-amd64 compressed oops)
# Failed to write core dump. Minidumps are not enabled by default on client versions of Windows
#

---------------  T H R E A D  ---------------

Current thread (0x0000000018671800):  JavaThread "C2 CompilerThread0" daemon [_thread_in_native, id=11756, stack(0x0000000018b70000,0x0000000018c70000)]

Stack: [0x0000000018b70000,0x0000000018c70000]
[error occurred during error reporting (printing stack bounds), id 0xc0000005]

Native frames: (J=compiled Java code, j=interpreted, Vv=VM code, C=native code)


Current CompileTask:
C2:    625  203  s    4       sun.misc.URLClassPath::getNextLoader (88 bytes)


---------------  P R O C E S S  ---------------

Java Threads: ( => current thread )
  0x00000000186d5800 JavaThread "Service Thread" daemon [_thread_blocked, id=13676, stack(0x0000000018e70000,0x0000000018f70000)]
  0x00000000186d1800 JavaThread "C1 CompilerThread2" daemon [_thread_in_native, id=30696, stack(0x0000000018d70000,0x0000000018e70000)]
  0x00000000186cc000 JavaThread "C2 CompilerThread1" daemon [_thread_in_native, id=6164, stack(0x0000000018c70000,0x0000000018d70000)]
=>0x0000000018671800 JavaThread "C2 CompilerThread0" daemon [_thread_in_native, id=11756, stack(0x0000000018b70000,0x0000000018c70000)]
  0x0000000018636000 JavaThread "Monitor Ctrl-Break" daemon [_thread_in_native, id=3632, stack(0x0000000018a70000,0x0000000018b70000)]
  0x0000000017122000 JavaThread "Attach Listener" daemon [_thread_blocked, id=31172, stack(0x0000000018970000,0x0000000018a70000)]
  0x0000000018480800 JavaThread "Signal Dispatcher" daemon [_thread_blocked, id=15608, stack(0x0000000018870000,0x0000000018970000)]
  0x00000000170ff000 JavaThread "Finalizer" daemon [_thread_blocked, id=28884, stack(0x0000000018370000,0x0000000018470000)]
  0x0000000002795000 JavaThread "Reference Handler" daemon [_thread_blocked, id=9708, stack(0x0000000018270000,0x0000000018370000)]
  0x00000000026a5000 JavaThread "main" [_thread_in_vm, id=23120, stack(0x0000000002320000,0x0000000002420000)]

Other Threads:
  0x00000000170d8000 VMThread [stack: 0x0000000018170000,0x0000000018270000] [id=17304]
  0x0000000018778000 WatcherThread [stack: 0x0000000018f70000,0x0000000019070000] [id=12084]

VM state:not at safepoint (normal execution)

VM Mutex/Monitor currently owned by a thread: None

Heap:
 PSYoungGen      total 36864K, used 8294K [0x00000000d6e00000, 0x00000000d9700000, 0x0000000100000000)
  eden space 31744K, 26% used [0x00000000d6e00000,0x00000000d7619ad8,0x00000000d8d00000)
  from space 5120K, 0% used [0x00000000d9200000,0x00000000d9200000,0x00000000d9700000)
  to   space 5120K, 0% used [0x00000000d8d00000,0x00000000d8d00000,0x00000000d9200000)
 ParOldGen       total 84992K, used 0K [0x0000000084a00000, 0x0000000089d00000, 0x00000000d6e00000)
  object space 84992K, 0% used [0x0000000084a00000,0x0000000084a00000,0x0000000089d00000)
 Metaspace       used 4970K, capacity 5100K, committed 5248K, reserved 1056768K
  class space    used 547K, capacity 596K, committed 640K, reserved 1048576K

Card table byte_map: [0x0000000011b60000,0x0000000011f40000] byte_map_base: 0x000000001173b000

Marking Bits: (ParMarkBitMap*) 0x00000000654bd850
 Begin Bits: [0x00000000125e0000, 0x00000000144b8000)
 End Bits:   [0x00000000144b8000, 0x0000000016390000)

Polling page: 0x0000000000440000

CodeCache: size=245760Kb used=1648Kb max_used=1648Kb free=244111Kb
 bounds [0x00000000027a0000, 0x0000000002a10000, 0x00000000117a0000]
 total_blobs=486 nmethods=205 adapters=194
 compilation: enabled

Compilation events (10 events):
Event: 0.603 Thread 0x00000000186d1800 nmethod 199 0x0000000002931a50 code [0x0000000002931c00, 0x0000000002932168]
Event: 0.605 Thread 0x00000000186d1800  200       3       java.util.StringTokenizer::skipDelimiters (116 bytes)
Event: 0.605 Thread 0x00000000186cc000 nmethod 198 0x0000000002938a90 code [0x0000000002938be0, 0x0000000002939008]
Event: 0.606 Thread 0x00000000186d1800 nmethod 200 0x0000000002937810 code [0x0000000002937a20, 0x00000000029385d8]
Event: 0.606 Thread 0x00000000186d1800  201       3       java.util.StringTokenizer::scanToken (179 bytes)
Event: 0.607 Thread 0x00000000186d1800 nmethod 201 0x0000000002935a90 code [0x0000000002935d00, 0x0000000002936ff8]
Event: 0.607 Thread 0x00000000186d1800  202       3       java.util.StringTokenizer::nextToken (92 bytes)
Event: 0.607 Thread 0x00000000186d1800 nmethod 202 0x0000000002939150 code [0x0000000002939300, 0x00000000029396f8]
Event: 0.611 Thread 0x0000000018671800  203  s    4       sun.misc.URLClassPath::getNextLoader (88 bytes)
Event: 0.611 Thread 0x00000000186cc000  204  s!   4       sun.misc.URLClassPath::getLoader (243 bytes)

GC Heap History (0 events):
No events

Deoptimization events (0 events):
No events

Internal exceptions (7 events):
Event: 0.064 Thread 0x00000000026a5000 Exception <a 'java/lang/NoSuchMethodError': Method sun.misc.Unsafe.defineClass(Ljava/lang/String;[BII)Ljava/lang/Class; name or signature does not match> (0x00000000d6e07ca8) thrown at [C:\re\workspace\8-2-build-windows-amd64-cygwin\jdk8u144\9417\hotspot\
Event: 0.064 Thread 0x00000000026a5000 Exception <a 'java/lang/NoSuchMethodError': Method sun.misc.Unsafe.prefetchRead(Ljava/lang/Object;J)V name or signature does not match> (0x00000000d6e07f90) thrown at [C:\re\workspace\8-2-build-windows-amd64-cygwin\jdk8u144\9417\hotspot\src\share\vm\prims
Event: 0.441 Thread 0x00000000026a5000 Exception <a 'java/security/PrivilegedActionException'> (0x00000000d71fa798) thrown at [C:\re\workspace\8-2-build-windows-amd64-cygwin\jdk8u144\9417\hotspot\src\share\vm\prims\jvm.cpp, line 1390]
Event: 0.441 Thread 0x00000000026a5000 Exception <a 'java/security/PrivilegedActionException'> (0x00000000d71fa9a8) thrown at [C:\re\workspace\8-2-build-windows-amd64-cygwin\jdk8u144\9417\hotspot\src\share\vm\prims\jvm.cpp, line 1390]
Event: 0.442 Thread 0x00000000026a5000 Exception <a 'java/security/PrivilegedActionException'> (0x00000000d71fe930) thrown at [C:\re\workspace\8-2-build-windows-amd64-cygwin\jdk8u144\9417\hotspot\src\share\vm\prims\jvm.cpp, line 1390]
Event: 0.442 Thread 0x00000000026a5000 Exception <a 'java/security/PrivilegedActionException'> (0x00000000d71feb40) thrown at [C:\re\workspace\8-2-build-windows-amd64-cygwin\jdk8u144\9417\hotspot\src\share\vm\prims\jvm.cpp, line 1390]
Event: 0.520 Thread 0x00000000026a5000 Exception <a 'java/io/FileNotFoundException'> (0x00000000d73fb928) thrown at [C:\re\workspace\8-2-build-windows-amd64-cygwin\jdk8u144\9417\hotspot\src\share\vm\prims\jni.cpp, line 709]

Events (10 events):
Event: 0.609 loading class java/text/FieldPosition
Event: 0.609 loading class java/text/FieldPosition done
Event: 0.609 loading class java/text/DigitList
Event: 0.609 loading class java/text/DigitList done
Event: 0.609 loading class java/math/RoundingMode
Event: 0.609 loading class java/math/RoundingMode done
Event: 0.610 loading class java/util/Date
Event: 0.610 loading class java/util/Date done
Event: 0.610 loading class ch/qos/logback/classic/pattern/ThrowableProxyConverter
Event: 0.610 loading class ch/qos/logback/classic/pattern/ThrowableProxyConverter done


Dynamic libraries:
0x00007ff690f10000 - 0x00007ff690f47000 	D:\Program Files\Java8\jdk1.8.0_144\bin\java.exe
0x00007ffc0e010000 - 0x00007ffc0e1f1000 	C:\WINDOWS\SYSTEM32\ntdll.dll
0x00007ffc0ba80000 - 0x00007ffc0bb32000 	C:\WINDOWS\System32\KERNEL32.DLL
0x00007ffc0b110000 - 0x00007ffc0b383000 	C:\WINDOWS\System32\KERNELBASE.dll
0x00007ffc0b620000 - 0x00007ffc0b6c1000 	C:\WINDOWS\System32\ADVAPI32.dll
0x00007ffc0b870000 - 0x00007ffc0b90e000 	C:\WINDOWS\System32\msvcrt.dll
0x00007ffc0bbf0000 - 0x00007ffc0bc4b000 	C:\WINDOWS\System32\sechost.dll
0x00007ffc0deb0000 - 0x00007ffc0dfd4000 	C:\WINDOWS\System32\RPCRT4.dll
0x00007ffc0c190000 - 0x00007ffc0c320000 	C:\WINDOWS\System32\USER32.dll
0x00007ffc0b480000 - 0x00007ffc0b4a0000 	C:\WINDOWS\System32\win32u.dll
0x00007ffc0b770000 - 0x00007ffc0b798000 	C:\WINDOWS\System32\GDI32.dll
0x00007ffc0a560000 - 0x00007ffc0a6f2000 	C:\WINDOWS\System32\gdi32full.dll
0x00007ffc0b3e0000 - 0x00007ffc0b47f000 	C:\WINDOWS\System32\msvcp_win.dll
0x00007ffc0a3e0000 - 0x00007ffc0a4da000 	C:\WINDOWS\System32\ucrtbase.dll
0x00007ffc09270000 - 0x00007ffc094d9000 	C:\WINDOWS\WinSxS\amd64_microsoft.windows.common-controls_6595b64144ccf1df_6.0.17134.228_none_fb4599993062b194\COMCTL32.dll
0x00007ffc0bc50000 - 0x00007ffc0bf73000 	C:\WINDOWS\System32\combase.dll
0x00007ffc0a4e0000 - 0x00007ffc0a55a000 	C:\WINDOWS\System32\bcryptPrimitives.dll
0x00007ffc0c410000 - 0x00007ffc0c43d000 	C:\WINDOWS\System32\IMM32.DLL
0x0000000065540000 - 0x0000000065612000 	D:\Program Files\Java8\jdk1.8.0_144\jre\bin\msvcr100.dll
0x0000000064ca0000 - 0x000000006553d000 	D:\Program Files\Java8\jdk1.8.0_144\jre\bin\server\jvm.dll
0x00007ffc0c400000 - 0x00007ffc0c408000 	C:\WINDOWS\System32\PSAPI.DLL
0x00007ffbfbc00000 - 0x00007ffbfbc09000 	C:\WINDOWS\SYSTEM32\WSOCK32.dll
0x00007ffc0de20000 - 0x00007ffc0de8c000 	C:\WINDOWS\System32\WS2_32.dll
0x00007ffc05e30000 - 0x00007ffc05e53000 	C:\WINDOWS\SYSTEM32\WINMM.dll
0x00007ffc09010000 - 0x00007ffc0901a000 	C:\WINDOWS\SYSTEM32\VERSION.dll
0x00007ffc05e00000 - 0x00007ffc05e2a000 	C:\WINDOWS\SYSTEM32\WINMMBASE.dll
0x00007ffc0b390000 - 0x00007ffc0b3d9000 	C:\WINDOWS\System32\cfgmgr32.dll
0x0000000066e70000 - 0x0000000066e7f000 	D:\Program Files\Java8\jdk1.8.0_144\jre\bin\verify.dll
0x0000000064c70000 - 0x0000000064c99000 	D:\Program Files\Java8\jdk1.8.0_144\jre\bin\java.dll
0x0000000066020000 - 0x0000000066043000 	D:\Program Files\Java8\jdk1.8.0_144\jre\bin\instrument.dll
0x0000000064c50000 - 0x0000000064c66000 	D:\Program Files\Java8\jdk1.8.0_144\jre\bin\zip.dll
0x00007ffc0c440000 - 0x00007ffc0d880000 	C:\WINDOWS\System32\SHELL32.dll
0x00007ffc0bb40000 - 0x00007ffc0bbe9000 	C:\WINDOWS\System32\shcore.dll
0x00007ffc0a7b0000 - 0x00007ffc0aebd000 	C:\WINDOWS\System32\windows.storage.dll
0x00007ffc0c320000 - 0x00007ffc0c371000 	C:\WINDOWS\System32\shlwapi.dll
0x00007ffc0a350000 - 0x00007ffc0a361000 	C:\WINDOWS\System32\kernel.appcore.dll
0x00007ffc0a370000 - 0x00007ffc0a38f000 	C:\WINDOWS\System32\profapi.dll
0x00007ffc0a390000 - 0x00007ffc0a3dc000 	C:\WINDOWS\System32\powrprof.dll
0x00007ffc0a340000 - 0x00007ffc0a34a000 	C:\WINDOWS\System32\FLTLIB.DLL
0x00007ffbf7d90000 - 0x00007ffbf7daa000 	D:\IntelliJ IDEA 2017.2\bin\breakgen64.dll
0x0000000064c30000 - 0x0000000064c4a000 	D:\Program Files\Java8\jdk1.8.0_144\jre\bin\net.dll
0x00007ffc09ba0000 - 0x00007ffc09c06000 	C:\WINDOWS\system32\mswsock.dll

VM Arguments:
jvm_args: -javaagent:D:\IntelliJ IDEA 2017.2\lib\idea_rt.jar=65119:D:\IntelliJ IDEA 2017.2\bin -Dfile.encoding=UTF-8 
java_command: com.self.concurrent.concurrency.ConcurrencyTest
java_class_path (initial): D:\Program Files\Java8\jdk1.8.0_144\jre\lib\charsets.jar;D:\Program Files\Java8\jdk1.8.0_144\jre\lib\deploy.jar;D:\Program Files\Java8\jdk1.8.0_144\jre\lib\ext\access-bridge-64.jar;D:\Program Files\Java8\jdk1.8.0_144\jre\lib\ext\cldrdata.jar;D:\Program Files\Java8\jdk1.8.0_144\jre\lib\ext\dnsns.jar;D:\Program Files\Java8\jdk1.8.0_144\jre\lib\ext\jaccess.jar;D:\Program Files\Java8\jdk1.8.0_144\jre\lib\ext\jfxrt.jar;D:\Program Files\Java8\jdk1.8.0_144\jre\lib\ext\localedata.jar;D:\Program Files\Java8\jdk1.8.0_144\jre\lib\ext\nashorn.jar;D:\Program Files\Java8\jdk1.8.0_144\jre\lib\ext\sunec.jar;D:\Program Files\Java8\jdk1.8.0_144\jre\lib\ext\sunjce_provider.jar;D:\Program Files\Java8\jdk1.8.0_144\jre\lib\ext\sunmscapi.jar;D:\Program Files\Java8\jdk1.8.0_144\jre\lib\ext\sunpkcs11.jar;D:\Program Files\Java8\jdk1.8.0_144\jre\lib\ext\zipfs.jar;D:\Program Files\Java8\jdk1.8.0_144\jre\lib\javaws.jar;D:\Program Files\Java8\jdk1.8.0_144\jre\lib\jce.jar;D:\Program Files\Java8\jdk1.8.0_144\jre\lib\jfr.jar;D:\Program Files\Java8\jdk1.8.0_144\jre\lib\jfxswt.jar;D:\Program Files\Java8\jdk1.8.0_144\jre\lib\jsse.jar;D:\Program Files\Java8\jdk1.8.0_144\jre\lib\management-agent.jar;D:\Program Files\Java8\jdk1.8.0_144\jre\lib\plugin.jar;D:\Program Files\Java8\jdk1.8.0_144\jre\lib\resources.jar;D:\Program Files\Java8\jdk1.8.0_144\jre\lib\rt.jar;D:\IdeaProjects\concurrent\out\production\classes;D:\IdeaProjects\concurrent\out\production\resources;D:\gradle-4.5-bin\gradle-4.5\caches\modules-2\files-2.1\org.springframework.boot\spring-boot-starter-web\2.0.5.RELEASE\52daa1f1509bd637a737206e54c06a17aabb9504\spring-boot-starter-web-2.0.5.RELEASE.jar;D:\gradle-4.5-bin\gradle-4.5\caches\modules-2\files-2.1\org.springframework.boot\spring-boot-starter-json\2.0.5.RELEASE\d0052ded4733ceb1fb7d927238f22f9a92099227\spring-boot-starter-json-2.0.5.RELEASE.jar;D:\gradle-4.5-bin\gradle-4.5\caches\modules-2\files-2.1\org.springframework.boot\spring-boot-starter\2.0.5.RELEASE\1f5
Launcher Type: SUN_STANDARD

Environment Variables:
JAVA_HOME=C:\Program Files\Java\jdk-9.0.4
PATH=C:\Program Files\Java\jdk-9.0.4\bin;D:\apache-maven-3.5.0\bin;C:\WINDOWS\system32;C:\WINDOWS;C:\WINDOWS\System32\Wbem;C:\WINDOWS\System32\WindowsPowerShell\v1.0\;D:\Git\cmd;D:\gradle-4.5-bin\gradle-4.5\bin;%ERLANG%\bin;D:\nodejs\;D:\elasticsearch-6.2.3\bin;C:\WINDOWS\System32\OpenSSH\;D:\apache-groovy-sdk-2.5.2\groovy-2.5.2\bin;C:\Users\Lucifer\AppData\Local\Microsoft\WindowsApps;D:\docker\Boot2Docker for Windows;D:\nodejs\node_global;
USERNAME=Lucifer
OS=Windows_NT
PROCESSOR_IDENTIFIER=Intel64 Family 6 Model 58 Stepping 9, GenuineIntel



---------------  S Y S T E M  ---------------

OS: Windows 10.0 , 64 bit Build 17134 (10.0.17134.1)

CPU:total 4 (initial active 4) (2 cores per cpu, 2 threads per core) family 6 model 58 stepping 9, cmov, cx8, fxsr, mmx, sse, sse2, sse3, ssse3, sse4.1, sse4.2, popcnt, avx, aes, clmul, erms, ht, tsc, tscinvbit, tscinv

Memory: 4k page, physical 8079000k(959868k free), swap 19482388k(4356k free)

vm_info: Java HotSpot(TM) 64-Bit Server VM (25.144-b01) for windows-amd64 JRE (1.8.0_144-b01), built on Jul 21 2017 21:57:33 by "java_re" with MS VC++ 10.0 (VS2010)

time: Thu Sep 13 17:11:16 2018
elapsed time: 0 seconds (0d 0h 0m 0s)

